Flutter crash report.
Please report a bug at https://github.com/flutter/flutter/issues.

## command

flutter run

## exception

StateError: Bad state: No element

```
#0      Stream.first.<anonymous closure> (dart:async/stream.dart:1575:9)
#1      _rootRun (dart:async/zone.dart:1391:47)
#2      _CustomZone.run (dart:async/zone.dart:1301:19)
#3      _CustomZone.runGuarded (dart:async/zone.dart:1209:7)
#4      _BufferingStreamSubscription._sendDone.sendDone (dart:async/stream_impl.dart:392:13)
#5      _BufferingStreamSubscription._sendDone (dart:async/stream_impl.dart:402:7)
#6      _BufferingStreamSubscription._close (dart:async/stream_impl.dart:291:7)
#7      _SyncBroadcastStreamController._sendDone.<anonymous closure> (dart:async/broadcast_stream_controller.dart:399:22)
#8      _BroadcastStreamController._forEachListener (dart:async/broadcast_stream_controller.dart:322:15)
#9      _SyncBroadcastStreamController._sendDone (dart:async/broadcast_stream_controller.dart:398:7)
#10     _BroadcastStreamController.close (dart:async/broadcast_stream_controller.dart:268:5)
#11     _AsBroadcastStreamController.close (dart:async/broadcast_stream_controller.dart:505:27)
#12     _rootRun (dart:async/zone.dart:1391:47)
#13     _CustomZone.run (dart:async/zone.dart:1301:19)
#14     _CustomZone.runGuarded (dart:async/zone.dart:1209:7)
#15     _BufferingStreamSubscription._sendDone.sendDone (dart:async/stream_impl.dart:392:13)
#16     _BufferingStreamSubscription._sendDone (dart:async/stream_impl.dart:402:7)
#17     _BufferingStreamSubscription._close (dart:async/stream_impl.dart:291:7)
#18     _SinkTransformerStreamSubscription._close (dart:async/stream_transformers.dart:87:11)
#19     _EventSinkWrapper.close (dart:async/stream_transformers.dart:21:11)
#20     _StringAdapterSink.close (dart:convert/string_conversion.dart:241:11)
#21     _Utf8ConversionSink.close (dart:convert/string_conversion.dart:295:20)
#22     _ErrorHandlingAsciiDecoderSink.close (dart:convert/ascii.dart:261:15)
#23     _ConverterStreamEventSink.close (dart:convert/chunked_conversion.dart:78:18)
#24     _SinkTransformerStreamSubscription._handleDone (dart:async/stream_transformers.dart:132:24)
#25     _rootRun (dart:async/zone.dart:1391:47)
#26     _CustomZone.run (dart:async/zone.dart:1301:19)
#27     _CustomZone.runGuarded (dart:async/zone.dart:1209:7)
#28     _BufferingStreamSubscription._sendDone.sendDone (dart:async/stream_impl.dart:392:13)
#29     _BufferingStreamSubscription._sendDone (dart:async/stream_impl.dart:402:7)
#30     _BufferingStreamSubscription._close (dart:async/stream_impl.dart:291:7)
#31     _SyncStreamControllerDispatch._sendDone (dart:async/stream_controller.dart:784:19)
#32     _StreamController._closeUnchecked (dart:async/stream_controller.dart:639:7)
#33     _StreamController.close (dart:async/stream_controller.dart:632:5)
#34     _Socket._onData (dart:io-patch/socket_patch.dart:2388:21)
#35     _rootRunUnary (dart:async/zone.dart:1415:13)
#36     _CustomZone.runUnary (dart:async/zone.dart:1308:19)
#37     _CustomZone.runUnaryGuarded (dart:async/zone.dart:1217:7)
#38     _BufferingStreamSubscription._sendData (dart:async/stream_impl.dart:339:11)
#39     _BufferingStreamSubscription._add (dart:async/stream_impl.dart:271:7)
#40     _SyncStreamControllerDispatch._sendData (dart:async/stream_controller.dart:776:19)
#41     _StreamController._add (dart:async/stream_controller.dart:650:7)
#42     _StreamController.add (dart:async/stream_controller.dart:598:5)
#43     new _RawSocket.<anonymous closure> (dart:io-patch/socket_patch.dart:1906:35)
#44     _NativeSocket.issueReadEvent.issue (dart:io-patch/socket_patch.dart:1349:18)
#45     _microtaskLoop (dart:async/schedule_microtask.dart:40:21)
#46     _startMicrotaskLoop (dart:async/schedule_microtask.dart:49:5)
#47     _runPendingImmediateCallback (dart:isolate-patch/isolate_patch.dart:123:13)
#48     _RawReceivePort._handleMessage (dart:isolate-patch/isolate_patch.dart:190:5)
```

## flutter doctor

```
[32m[✓][39m Flutter (Channel stable, 3.10.6, on Microsoft Windows [Version 10.0.19044.3208], locale en-IN)
    [32m•[39m Flutter version 3.10.6 on channel stable at C:\src\flutter
    [32m•[39m Upstream repository https://github.com/flutter/flutter.git
    [32m•[39m Framework revision f468f3366c (3 weeks ago), 2023-07-12 15:19:05 -0700
    [32m•[39m Engine revision cdbeda788a
    [32m•[39m Dart version 3.0.6
    [32m•[39m DevTools version 2.23.1

[32m[✓][39m Windows Version (Installed version of Windows is version 10 or higher)

[33m[!][39m Android toolchain - develop for Android devices (Android SDK version 33.0.2)
    [32m•[39m Android SDK at C:\Users\QS666WA\AppData\Local\Android\sdk
    [31m✗[39m cmdline-tools component is missing
      Run `path/to/sdkmanager --install "cmdline-tools;latest"`
      See https://developer.android.com/studio/command-line for more details.
    [31m✗[39m Android license status unknown.
      Run `flutter doctor --android-licenses` to accept the SDK licenses.
      See https://flutter.dev/docs/get-started/install/windows#android-setup for more details.

[32m[✓][39m Chrome - develop for the web
    [32m•[39m Chrome at C:\Program Files\Google\Chrome\Application\chrome.exe

[33m[!][39m Visual Studio - develop for Windows (Visual Studio Build Tools 2019 16.11.26)
    [32m•[39m Visual Studio at C:\Program Files (x86)\Microsoft Visual Studio\2019\BuildTools
    [32m•[39m Visual Studio Build Tools 2019 version 16.11.33529.622
    [31m✗[39m The current Visual Studio installation is incomplete. Please reinstall Visual Studio.

[32m[✓][39m Android Studio (version 2022.2)
    [32m•[39m Android Studio at C:\Program Files\Android\Android Studio
    [32m•[39m Flutter plugin can be installed from:
      🔨 https://plugins.jetbrains.com/plugin/9212-flutter
    [32m•[39m Dart plugin can be installed from:
      🔨 https://plugins.jetbrains.com/plugin/6351-dart
    [32m•[39m Java version OpenJDK Runtime Environment (build 17.0.6+0-b2043.56-9586694)

[32m[✓][39m VS Code (version 1.80.1)
    [32m•[39m VS Code at C:\Users\QS666WA\AppData\Local\Programs\Microsoft VS Code
    [32m•[39m Flutter extension version 3.68.0

[32m[✓][39m Connected device (3 available)
    [32m•[39m Windows (desktop) • windows • windows-x64    • Microsoft Windows [Version 10.0.19044.3208]
    [32m•[39m Chrome (web)      • chrome  • web-javascript • Google Chrome 115.0.5790.110
    [32m•[39m Edge (web)        • edge    • web-javascript • Microsoft Edge 115.0.1901.188

[32m[✓][39m Network resources
    [32m•[39m All expected network resources are available.

[33m![39m Doctor found issues in 2 categories.
```
